TOOL:	xrun(64)	23.09-s001: Started on Sep 18, 2024 at 22:45:11 EDT
xrun(64): 23.09-s001: (c) Copyright 1995-2023 Cadence Design Systems, Inc.
file: /home/runner/design.sv
	module worklib.SEQ_ALU:sv
		errors: 0, warnings: 0
     -.--ns INFO     gpi                                ..mbed/gpi_embed.cpp:78   in set_program_name_in_venv        Did not detect Python virtual environment. Using system-wide Python interpreter
     -.--ns INFO     gpi                                ../gpi/GpiCommon.cpp:101  in gpi_print_registered_impl       VPI registered
	Elaborating the design hierarchy:
	Top level design units:
		SEQ_ALU
	Building instance overlay tables: .................... Done
	Generating native compiled code:
		worklib.SEQ_ALU:sv <0x265eb9e4>
			streams:   2, words:  1177
	Building instance specific data structures.
	Loading native compiled code:     .................... Done
	Generating Debug Data:
		LWD Database path: (/home/runner/sim_build/xcelium.d/worklib/SEQ_ALU/sv/debug_db/SEQ_ALU)
		Power Aware Instances:                    0
		Liberty Instances:                        0
		Out Of Module References:                 0
		Assertions:                               0
		Liberty Information:
			PG Pins:	                  0
			Liberty Pins:	                  0
	Design hierarchy summary:
		                 Instances  Unique
		Modules:                 1       1
		Registers:               1       1
		Scalar wires:            3       -
		Vectored wires:          3       -
		Always blocks:           1       1
		Process Clocks:          1       1
		Simulation timescale:  1ps
	Writing initial simulation snapshot: worklib.SEQ_ALU:sv
Loading snapshot worklib.SEQ_ALU:sv .................... Done
     -.--ns INFO     gpi                                ..mbed/gpi_embed.cpp:78   in set_program_name_in_venv        Did not detect Python virtual environment. Using system-wide Python interpreter
     -.--ns INFO     gpi                                ../gpi/GpiCommon.cpp:101  in gpi_print_registered_impl       VPI registered
xcelium> source /xcelium23.09/tools/xcelium/files/xmsimrc
xcelium> run
     0.00ns INFO     cocotb                             Running on xmsim(64) version 23.09-s001
     0.00ns INFO     cocotb                             Running tests with cocotb v1.8.1 from /usr/local/lib64/python3.6/site-packages/cocotb
     0.00ns INFO     cocotb                             Seeding Python random module with 1726713913
     0.00ns INFO     cocotb.regression                  pytest not found, install it to enable better AssertionError messages
     0.00ns INFO     cocotb.regression                  Found test TEST.tb_top
     0.00ns INFO     cocotb.regression                  running tb_top (1/1)
     0.00ns INFO     cocotb                              STARTING SIMULATION 
    10.00ns INFO     cocotb                             rst: 0,en: 1,A: 0101, B: 0011, opcode: 00, C: 00000
    20.00ns INFO     cocotb                             rst: 1,en: 1,A: 0101, B: 0011, opcode: 00, C: 01000
    30.00ns INFO     cocotb                             rst: 1,en: 1,A: 0101, B: 0011, opcode: 01, C: 00010
    40.00ns INFO     cocotb                             rst: 1,en: 1,A: 0101, B: 0011, opcode: 10, C: 00001
    50.00ns INFO     cocotb                             rst: 1,en: 1,A: 0101, B: 0011, opcode: 11, C: 00111
    60.00ns INFO     cocotb                             rst: 1,en: 0,A: 0101, B: 0011, opcode: 11, C: 00111
    60.00ns INFO     cocotb                              After Driving Stimilus
    60.00ns INFO     cocotb.regression                  tb_top passed
    60.00ns INFO     cocotb.regression                  **************************************************************************************
                                                        ** TEST                          STATUS  SIM TIME (ns)  REAL TIME (s)  RATIO (ns/s) **
                                                        **************************************************************************************
                                                        ** TEST.tb_top                    PASS          60.00           0.01       4544.94  **
                                                        **************************************************************************************
                                                        ** TESTS=1 PASS=1 FAIL=0 SKIP=0                 60.00           0.03       1863.02  **
                                                        **************************************************************************************
                                                        
Simulation complete via $finish(1) at time 60001 PS + 0
xcelium> exit
TOOL:	xrun(64)	23.09-s001: Exiting on Sep 18, 2024 at 22:45:13 EDT  (total: 00:00:02)
